Temp/gradleOut/build/outputs/logs/manifest-merger-release-report.txt
-- Merging decision tree log ---
manifest
ADDED from src\main\AndroidManifest.xml:2:1-34:12
	package
		ADDED from src\main\AndroidManifest.xml:2:120-147
		INJECTED from src\main\AndroidManifest.xml
		INJECTED from src\main\AndroidManifest.xml
	android:versionName
		ADDED from src\main\AndroidManifest.xml:2:94-119
		INJECTED from src\main\AndroidManifest.xml
		INJECTED from src\main\AndroidManifest.xml
	android:versionCode
		ADDED from src\main\AndroidManifest.xml:2:70-93
		INJECTED from src\main\AndroidManifest.xml
		INJECTED from src\main\AndroidManifest.xml
	xmlns:android
		ADDED from src\main\AndroidManifest.xml:2:11-69
	android:installLocation
		ADDED from src\main\AndroidManifest.xml:2:148-188
supports-screens
ADDED from src\main\AndroidManifest.xml:3:3-163
	android:largeScreens
		ADDED from src\main\AndroidManifest.xml:3:47-74
	android:smallScreens
		ADDED from src\main\AndroidManifest.xml:3:104-131
	android:normalScreens
		ADDED from src\main\AndroidManifest.xml:3:75-103
	android:xlargeScreens
		ADDED from src\main\AndroidManifest.xml:3:132-160
	android:anyDensity
		ADDED from src\main\AndroidManifest.xml:3:21-46
application
ADDED from src\main\AndroidManifest.xml:4:3-25:17
	android:label
		ADDED from src\main\AndroidManifest.xml:4:50-82
	android:icon
		ADDED from src\main\AndroidManifest.xml:4:16-49
	android:banner
		ADDED from src\main\AndroidManifest.xml:4:105-142
	android:isGame
		ADDED from src\main\AndroidManifest.xml:4:83-104
meta-data#com.google.android.gms.version
ADDED from src\main\AndroidManifest.xml:5:5-118
	android:value
		ADDED from src\main\AndroidManifest.xml:5:62-115
	android:name
		ADDED from src\main\AndroidManifest.xml:5:16-61
activity#com.unity3d.player.UnityPlayerProxyActivity
ADDED from src\main\AndroidManifest.xml:6:5-12:16
	android:screenOrientation
		ADDED from src\main\AndroidManifest.xml:6:107-145
	android:label
		ADDED from src\main\AndroidManifest.xml:6:15-47
	android:launchMode
		ADDED from src\main\AndroidManifest.xml:6:146-177
	android:configChanges
		ADDED from src\main\AndroidManifest.xml:6:178-359
	android:name
		ADDED from src\main\AndroidManifest.xml:6:48-106
intent-filter#android.intent.action.MAIN+android.intent.category.LAUNCHER+android.intent.category.LEANBACK_LAUNCHER
ADDED from src\main\AndroidManifest.xml:7:7-11:23
action#android.intent.action.MAIN
ADDED from src\main\AndroidManifest.xml:8:9-61
	android:name
		ADDED from src\main\AndroidManifest.xml:8:17-58
category#android.intent.category.LAUNCHER
ADDED from src\main\AndroidManifest.xml:9:9-69
	android:name
		ADDED from src\main\AndroidManifest.xml:9:19-66
category#android.intent.category.LEANBACK_LAUNCHER
ADDED from src\main\AndroidManifest.xml:10:9-78
	android:name
		ADDED from src\main\AndroidManifest.xml:10:19-75
activity#com.unity3d.player.UnityPlayerActivity
ADDED from src\main\AndroidManifest.xml:13:5-14:16
	android:screenOrientation
		ADDED from src\main\AndroidManifest.xml:13:102-140
	android:label
		ADDED from src\main\AndroidManifest.xml:13:15-47
	android:launchMode
		ADDED from src\main\AndroidManifest.xml:13:141-172
	android:configChanges
		ADDED from src\main\AndroidManifest.xml:13:173-354
	android:name
		ADDED from src\main\AndroidManifest.xml:13:48-101
activity#com.unity3d.player.UnityPlayerNativeActivity
ADDED from src\main\AndroidManifest.xml:15:5-17:16
	android:screenOrientation
		ADDED from src\main\AndroidManifest.xml:15:108-146
	android:label
		ADDED from src\main\AndroidManifest.xml:15:15-47
	android:launchMode
		ADDED from src\main\AndroidManifest.xml:15:147-178
	android:configChanges
		ADDED from src\main\AndroidManifest.xml:15:179-360
	android:name
		ADDED from src\main\AndroidManifest.xml:15:48-107
meta-data#unityplayer.ForwardNativeEventsToDalvik
ADDED from src\main\AndroidManifest.xml:16:7-96
	android:value
		ADDED from src\main\AndroidManifest.xml:16:73-93
	android:name
		ADDED from src\main\AndroidManifest.xml:16:18-72
activity#com.unity3d.player.VideoPlayer
ADDED from src\main\AndroidManifest.xml:18:5-19:16
	android:label
		ADDED from src\main\AndroidManifest.xml:18:173-205
	android:configChanges
		ADDED from src\main\AndroidManifest.xml:18:15-172
	android:name
		ADDED from src\main\AndroidManifest.xml:18:206-251
activity#com.google.android.gms.ads.AdActivity
ADDED from src\main\AndroidManifest.xml:20:5-180
	android:configChanges
		ADDED from src\main\AndroidManifest.xml:20:15-124
	android:name
		ADDED from src\main\AndroidManifest.xml:20:125-177
meta-data#unity.build-id
ADDED from src\main\AndroidManifest.xml:21:5-101
	android:value
		ADDED from src\main\AndroidManifest.xml:21:46-98
	android:name
		ADDED from src\main\AndroidManifest.xml:21:16-45
meta-data#unity.splash-mode
ADDED from src\main\AndroidManifest.xml:22:5-69
	android:value
		ADDED from src\main\AndroidManifest.xml:22:49-66
	android:name
		ADDED from src\main\AndroidManifest.xml:22:16-48
meta-data#unity.splash-enable
ADDED from src\main\AndroidManifest.xml:23:5-74
	android:value
		ADDED from src\main\AndroidManifest.xml:23:51-71
	android:name
		ADDED from src\main\AndroidManifest.xml:23:16-50
meta-data#android.max_aspect
ADDED from src\main\AndroidManifest.xml:24:5-72
	android:value
		ADDED from src\main\AndroidManifest.xml:24:50-69
	android:name
		ADDED from src\main\AndroidManifest.xml:24:16-49
uses-permission#android.permission.INTERNET
ADDED from src\main\AndroidManifest.xml:26:3-65
	android:name
		ADDED from src\main\AndroidManifest.xml:26:20-62
uses-permission#android.permission.ACCESS_NETWORK_STATE
ADDED from src\main\AndroidManifest.xml:27:3-77
	android:name
		ADDED from src\main\AndroidManifest.xml:27:20-74
uses-sdk
ADDED from src\main\AndroidManifest.xml:28:3-72
MERGED from [gradleOut:unity-android-resources:unspecified] AndroidManifest.xml:7:5-47
	android:targetSdkVersion
		ADDED from src\main\AndroidManifest.xml:28:40-69
		INJECTED from src\main\AndroidManifest.xml
		INJECTED from src\main\AndroidManifest.xml
	android:minSdkVersion
		ADDED from src\main\AndroidManifest.xml:28:13-39
		MERGED from src\main\AndroidManifest.xml:28:13-39
uses-feature#0x00020000
ADDED from src\main\AndroidManifest.xml:29:3-52
	android:glEsVersion
		ADDED from src\main\AndroidManifest.xml:29:17-49
uses-feature#android.hardware.sensor.accelerometer
ADDED from src\main\AndroidManifest.xml:30:3-97
	android:required
		ADDED from src\main\AndroidManifest.xml:30:70-94
	android:name
		ADDED from src\main\AndroidManifest.xml:30:17-69
uses-feature#android.hardware.touchscreen
ADDED from src\main\AndroidManifest.xml:31:3-88
	android:required
		ADDED from src\main\AndroidManifest.xml:31:61-85
	android:name
		ADDED from src\main\AndroidManifest.xml:31:17-60
uses-feature#android.hardware.touchscreen.multitouch
ADDED from src\main\AndroidManifest.xml:32:3-99
	android:required
		ADDED from src\main\AndroidManifest.xml:32:72-96
	android:name
		ADDED from src\main\AndroidManifest.xml:32:17-71
uses-feature#android.hardware.touchscreen.multitouch.distinct
ADDED from src\main\AndroidManifest.xml:33:3-108
	android:required
		ADDED from src\main\AndroidManifest.xml:33:81-105
	android:name
		ADDED from src\main\AndroidManifest.xml:33:17-80